android/build/outputs/proguard/release/seeds.txt
com.ads.puzzle.disnep.android.AndroidLauncher
com.ads.puzzle.disnep.android.AndroidLauncher: AndroidLauncher()
com.ads.puzzle.disnep.android.R$attr
com.ads.puzzle.disnep.android.R$attr: R$attr()
com.ads.puzzle.disnep.android.R$color
com.ads.puzzle.disnep.android.R$color: int b_full
com.ads.puzzle.disnep.android.R$color: int bg
com.ads.puzzle.disnep.android.R$color: int f_b
com.ads.puzzle.disnep.android.R$color: int f_g
com.ads.puzzle.disnep.android.R$color: int f_l
com.ads.puzzle.disnep.android.R$color: int f_m
com.ads.puzzle.disnep.android.R$color: int f_s
com.ads.puzzle.disnep.android.R$color: int f_w
com.ads.puzzle.disnep.android.R$color: int f_xs
com.ads.puzzle.disnep.android.R$color: int g_gray
com.ads.puzzle.disnep.android.R$color: int g_green
com.ads.puzzle.disnep.android.R$color: int g_lorange
com.ads.puzzle.disnep.android.R$color: int g_orange
com.ads.puzzle.disnep.android.R$color: int highlight
com.ads.puzzle.disnep.android.R$color: int link
com.ads.puzzle.disnep.android.R$color: int list_border
com.ads.puzzle.disnep.android.R$color: int list_even
com.ads.puzzle.disnep.android.R$color: int list_light
com.ads.puzzle.disnep.android.R$color: int list_line
com.ads.puzzle.disnep.android.R$color: int strip
com.ads.puzzle.disnep.android.R$color: int transparent
com.ads.puzzle.disnep.android.R$color: int transparent2
com.ads.puzzle.disnep.android.R$color: int umipay_oauth_textcolor_normal
com.ads.puzzle.disnep.android.R$color: int umipay_oauth_textcolor_pressed
com.ads.puzzle.disnep.android.R$color: int widget_border
com.ads.puzzle.disnep.android.R$color: R$color()
com.ads.puzzle.disnep.android.R$drawable
com.ads.puzzle.disnep.android.R$drawable: int auth_follow_cb_chd
com.ads.puzzle.disnep.android.R$drawable: int auth_follow_cb_unc
com.ads.puzzle.disnep.android.R$drawable: int auth_title_back
com.ads.puzzle.disnep.android.R$drawable: int btn_back_nor
com.ads.puzzle.disnep.android.R$drawable: int btn_cancel_back
com.ads.puzzle.disnep.android.R$drawable: int data
com.ads.puzzle.disnep.android.R$drawable: int data_high
com.ads.puzzle.disnep.android.R$drawable: int data_low
com.ads.puzzle.disnep.android.R$drawable: int edittext_back
com.ads.puzzle.disnep.android.R$drawable: int gray_point
com.ads.puzzle.disnep.android.R$drawable: int ic_launcher
com.ads.puzzle.disnep.android.R$drawable: int img_cancel
com.ads.puzzle.disnep.android.R$drawable: int logo_douban
com.ads.puzzle.disnep.android.R$drawable: int logo_dropbox
com.ads.puzzle.disnep.android.R$drawable: int logo_email
com.ads.puzzle.disnep.android.R$drawable: int logo_evernote
com.ads.puzzle.disnep.android.R$drawable: int logo_facebook
com.ads.puzzle.disnep.android.R$drawable: int logo_flickr
com.ads.puzzle.disnep.android.R$drawable: int logo_foursquare
com.ads.puzzle.disnep.android.R$drawable: int logo_googleplus
com.ads.puzzle.disnep.android.R$drawable: int logo_instagram
com.ads.puzzle.disnep.android.R$drawable: int logo_kaixin
com.ads.puzzle.disnep.android.R$drawable: int logo_line
com.ads.puzzle.disnep.android.R$drawable: int logo_linkedin
com.ads.puzzle.disnep.android.R$id
com.ads.puzzle.disnep.android.R$id: int umipay_base
com.ads.puzzle.disnep.android.R$id: int umipay_base_content
com.ads.puzzle.disnep.android.R$id: int umipay_loading_pregressbar
com.ads.puzzle.disnep.android.R$id: int umipay_loading_progress_ly
com.ads.puzzle.disnep.android.R$id: int umipay_loading_textview
com.ads.puzzle.disnep.android.R$id: int umipay_titlebar_layout
com.ads.puzzle.disnep.android.R$id: int umipay_titlebar_rightbtn
com.ads.puzzle.disnep.android.R$id: int umipay_titlebar_title
com.ads.puzzle.disnep.android.R$id: int umipay_webview_contentview
com.ads.puzzle.disnep.android.R$id: R$id()
com.ads.puzzle.disnep.android.R$layout
com.ads.puzzle.disnep.android.R$layout: int umipay_base
com.ads.puzzle.disnep.android.R$layout: int umipay_layout_webview
com.ads.puzzle.disnep.android.R$layout: int umipay_titlebar
com.ads.puzzle.disnep.android.R$layout: R$layout()
...
com.badlogic.gdx.graphics.g3d.shaders.DefaultShader$Setters$15
com.badlogic.gdx.graphics.g3d.shaders.DefaultShader$Setters$15: DefaultShader$Setters$15()
com.badlogic.gdx.graphics.g3d.shaders.DefaultShader$Setters$15: boolean isGlobal(com.badlogic.gdx.graphics.g3d.shaders.BaseShader,int)
com.badlogic.gdx.graphics.g3d.shaders.DefaultShader$Setters$15: void set(com.badlogic.gdx.graphics.g3d.shaders.BaseShader,int,com.badlogic.gdx.graphics.g3d.Renderable,com.badlogic.gdx.graphics.g3d.Attributes)
com.badlogic.gdx.graphics.g3d.shaders.DefaultShader$Setters$16
com.badlogic.gdx.graphics.g3d.shaders.DefaultShader$Setters$16: DefaultShader$Setters$16()
com.badlogic.gdx.graphics.g3d.shaders.DefaultShader$Setters$16: boolean isGlobal(com.badlogic.gdx.graphics.g3d.shaders.BaseShader,int)
com.badlogic.gdx.graphics.g3d.shaders.DefaultShader$Setters$16: void set(com.badlogic.gdx.graphics.g3d.shaders.BaseShader,int,com.badlogic.gdx.graphics.g3d.Renderable,com.badlogic.gdx.graphics.g3d.Attributes)
com.badlogic.gdx.graphics.g3d.shaders.DefaultShader$Setters$17
com.badlogic.gdx.graphics.g3d.shaders.DefaultShader$Setters$17: DefaultShader$Setters$17()
com.badlogic.gdx.graphics.g3d.shaders.DefaultShader$Setters$17: boolean isGlobal(com.badlogic.gdx.graphics.g3d.shaders.BaseShader,int)
com.badlogic.gdx.graphics.g3d.shaders.DefaultShader$Setters$17: void set(com.badlogic.gdx.graphics.g3d.shaders.BaseShader,int,com.badlogic.gdx.graphics.g3d.Renderable,com.badlogic.gdx.graphics.g3d.Attributes)
com.badlogic.gdx.graphics.g3d.shaders.DefaultShader$Setters$18
com.badlogic.gdx.graphics.g3d.shaders.DefaultShader$Setters$18: DefaultShader$Setters$18()
com.badlogic.gdx.graphics.g3d.shaders.DefaultShader$Setters$18: boolean isGlobal(com.badlogic.gdx.graphics.g3d.shaders.BaseShader,int)
com.badlogic.gdx.graphics.g3d.shaders.DefaultShader$Setters$18: void set(com.badlogic.gdx.graphics.g3d.shaders.BaseShader,int,com.badlogic.gdx.graphics.g3d.Renderable,com.badlogic.gdx.graphics.g3d.Attributes)
com.badlogic.gdx.graphics.g3d.shaders.DefaultShader$Setters$19
com.badlogic.gdx.graphics.g3d.shaders.DefaultShader$Setters$19: DefaultShader$Setters$19()
com.badlogic.gdx.graphics.g3d.shaders.DefaultShader$Setters$19: boolean isGlobal(com.badlogic.gdx.graphics.g3d.shaders.BaseShader,int)
com.badlogic.gdx.graphics.g3d.shaders.DefaultShader$Setters$19: void set(com.badlogic.gdx.graphics.g3d.shaders.BaseShader,int,com.badlogic.gdx.graphics.g3d.Renderable,com.badlogic.gdx.graphics.g3d.Attributes)
com.badlogic.gdx.graphics.g3d.shaders.DefaultShader$Setters$2
com.badlogic.gdx.graphics.g3d.shaders.DefaultShader$Setters$2: DefaultShader$Setters$2()
com.badlogic.gdx.graphics.g3d.shaders.DefaultShader$Setters$2: boolean isGlobal(com.badlogic.gdx.graphics.g3d.shaders.BaseShader,int)
com.badlogic.gdx.graphics.g3d.shaders.DefaultShader$Setters$2: void set(com.badlogic.gdx.graphics.g3d.shaders.BaseShader,int,com.badlogic.gdx.graphics.g3d.Renderable,com.badlogic.gdx.graphics.g3d.Attributes)
com.badlogic.gdx.graphics.g3d.shaders.DefaultShader$Setters$3
com.badlogic.gdx.graphics.g3d.shaders.DefaultShader$Setters$3: DefaultShader$Setters$3()
com.badlogic.gdx.graphics.g3d.shaders.DefaultShader$Setters$3: boolean isGlobal(com.badlogic.gdx.graphics.g3d.shaders.BaseShader,int)
com.badlogic.gdx.graphics.g3d.shaders.DefaultShader$Setters$3: void set(com.badlogic.gdx.graphics.g3d.shaders.BaseShader,int,com.badlogic.gdx.graphics.g3d.Renderable,com.badlogic.gdx.graphics.g3d.Attributes)
com.badlogic.gdx.graphics.g3d.shaders.DefaultShader$Setters$4
com.badlogic.gdx.graphics.g3d.shaders.DefaultShader$Setters$4: DefaultShader$Setters$4()
com.badlogic.gdx.graphics.g3d.shaders.DefaultShader$Setters$4: boolean isGlobal(com.badlogic.gdx.graphics.g3d.shaders.BaseShader,int)
com.badlogic.gdx.graphics.g3d.shaders.DefaultShader$Setters$4: void set(com.badlogic.gdx.graphics.g3d.shaders.BaseShader,int,com.badlogic.gdx.graphics.g3d.Renderable,com.badlogic.gdx.graphics.g3d.Attributes)