android/build/outputs/proguard/release/mapping.txt
com.ads.puzzle.disnep.android.AndroidLauncher -> com.ads.puzzle.disnep.android.AndroidLauncher:
    java.lang.String adPngStr -> a
    java.io.File adPng -> b
    java.lang.String adAtlasStr -> c
    java.io.File adAtlas -> d
    java.lang.String urlStr -> e
    java.io.File url -> f
    boolean initFail -> g
    void onCreate(android.os.Bundle) -> onCreate
    void onBackPressed() -> onBackPressed
    boolean isNetwork() -> a
    void onInitCallback(int,java.lang.String) -> onInitCallback
    java.util.List onReceiveOrders(java.util.List) -> onReceiveOrders
    void loadGameConfig() -> b
    void getObjectWithDestFile(com.baidu.inf.iis.bcs.BaiduBCS,java.lang.String,java.io.File) -> a
    void access$000(com.ads.puzzle.disnep.android.AndroidLauncher) -> a
com.ads.puzzle.disnep.android.AndroidLauncher$1 -> com.ads.puzzle.disnep.android.a:
    com.ads.puzzle.disnep.android.AndroidLauncher this$0 -> a
    void run() -> run
com.ads.puzzle.disnep.android.AndroidLauncher$2 -> com.ads.puzzle.disnep.android.b:
    void onShowSuccess() -> onShowSuccess
    void onShowFailed() -> onShowFailed
com.ads.puzzle.disnep.android.AndroidLauncher$3 -> com.ads.puzzle.disnep.android.c:
    com.ads.puzzle.disnep.android.AndroidLauncher this$0 -> a
    void OnPayProcess(int) -> OnPayProcess
com.ads.puzzle.disnep.android.AndroidLauncher$4 -> com.ads.puzzle.disnep.android.d:
    void run() -> run
com.ads.puzzle.disnep.android.OneKeyShareCallback -> com.ads.puzzle.disnep.android.e:
    void onComplete(cn.sharesdk.framework.Platform,int,java.util.HashMap) -> onComplete
    void onError(cn.sharesdk.framework.Platform,int,java.lang.Throwable) -> onError
    void onCancel(cn.sharesdk.framework.Platform,int) -> onCancel
com.ads.puzzle.disnep.android.PEventImpl -> com.ads.puzzle.disnep.android.f:
    com.ads.puzzle.disnep.android.AndroidLauncher launcher -> a
    java.lang.String title -> b
    android.app.ProgressDialog progressDialog -> c
    android.os.Handler handler -> d
    java.lang.String gameLogoImage -> e
    void pay() -> a
    void exit$6185c5c4() -> b
    void sos(com.ads.puzzle.disnep.screen.GameScreen) -> a
    void invalidateSos() -> c
    void resetGame() -> d
    void share() -> e
    void install(java.lang.String) -> a
    void initImagePath() -> f
    java.io.File downLoadFile(java.lang.String) -> b
    java.lang.String access$000(com.ads.puzzle.disnep.android.PEventImpl) -> a
    com.ads.puzzle.disnep.android.AndroidLauncher access$100(com.ads.puzzle.disnep.android.PEventImpl) -> b
    void access$200(com.ads.puzzle.disnep.android.PEventImpl) -> c
    java.lang.String access$300(com.ads.puzzle.disnep.android.PEventImpl) -> d
    void access$400(com.ads.puzzle.disnep.android.PEventImpl) -> e
com.ads.puzzle.disnep.android.PEventImpl$1 -> com.ads.puzzle.disnep.android.g:
    com.ads.puzzle.disnep.android.PEventImpl this$0 -> a
    void run() -> run
com.ads.puzzle.disnep.android.PEventImpl$1$1 -> com.ads.puzzle.disnep.android.h:
    void onClick(android.content.DialogInterface,int) -> onClick
com.ads.puzzle.disnep.android.PEventImpl$2 -> com.ads.puzzle.disnep.android.i:
    com.ads.puzzle.disnep.android.PEventImpl this$0 -> a
    void run() -> run
com.ads.puzzle.disnep.android.PEventImpl$2$1 -> com.ads.puzzle.disnep.android.j:
    com.ads.puzzle.disnep.android.PEventImpl$2 this$1 -> a
    void onClick(android.content.DialogInterface,int) -> onClick
com.ads.puzzle.disnep.android.PEventImpl$2$2 -> com.ads.puzzle.disnep.android.k:
    void onClick(android.content.DialogInterface,int) -> onClick
com.ads.puzzle.disnep.android.PEventImpl$2$3 -> com.ads.puzzle.disnep.android.l:
    com.ads.puzzle.disnep.android.PEventImpl$2 this$1 -> a
    void onClick(android.content.DialogInterface,int) -> onClick
com.ads.puzzle.disnep.android.PEventImpl$3 -> com.ads.puzzle.disnep.android.m:
    com.ads.puzzle.disnep.screen.GameScreen val$gs -> a
    com.ads.puzzle.disnep.android.PEventImpl this$0 -> b
    void run() -> run
...
net.owan.android.c.i.a -> net.owan.android.c.i.a:
    net.owan.android.c.i.a a -> a
    android.os.Handler b -> b
    net.owan.android.c.i.a a() -> a
    boolean b() -> b
    boolean a(java.lang.Runnable) -> a
net.owan.android.c.j.a -> net.owan.android.c.j.a:
    java.lang.String a -> a
    java.lang.String b -> b
    int c -> c
    java.lang.String a() -> a
    java.lang.String b() -> b
    int c() -> c
net.owan.android.c.j.b -> net.owan.android.c.j.b:
    long a() -> a
    long a(android.content.Context) -> a
net.owan.android.c.j.c -> net.owan.android.c.j.c:
    boolean a -> a
    int b -> b
    int c -> c
    float d -> d
    int e -> e
    int f -> f
    int g -> g
    int h -> h
    boolean a() -> a
    int b() -> b
    int c() -> c
    int d() -> d
    float e() -> e
    net.owan.android.c.j.c a(android.content.Context) -> a
    net.owan.android.c.j.c b(android.content.Context) -> b
    int f() -> f
    int g() -> g
    int a(int) -> a
    float a(float) -> a
net.owan.android.c.j.d -> net.owan.android.c.j.d:
    boolean a(java.io.File,java.lang.String) -> a
net.owan.android.c.j.e -> net.owan.android.c.j.e:
    boolean a(android.content.Context,java.lang.String,int,java.lang.String) -> a
    boolean a(android.content.Context,java.lang.String,int) -> a
    boolean b(android.content.Context,java.lang.String,int) -> b
    boolean c(android.content.Context,java.lang.String,int) -> c
    boolean d(android.content.Context,java.lang.String,int) -> d
    android.content.Intent a(android.content.Context,java.lang.String) -> a
    boolean b(android.content.Context,java.lang.String) -> b
    boolean b(android.content.Context,java.lang.String,int,java.lang.String) -> b
    boolean c(android.content.Context,java.lang.String) -> c
net.owan.android.c.j.f -> net.owan.android.c.j.f:
    void a(android.content.Context) -> a
    android.content.Intent a(android.content.Context,java.lang.String,java.lang.String,java.lang.String) -> a
net.owan.android.c.j.g -> net.owan.android.c.j.g:
    net.owan.android.c.j.a a(android.content.Context,java.lang.String) -> a
    android.content.pm.PackageInfo b(android.content.Context,java.lang.String) -> b
    int a(android.content.Context,java.lang.String,int) -> a
    android.content.Intent c(android.content.Context,java.lang.String) -> c
    android.content.Intent d(android.content.Context,java.lang.String) -> d
    void e(android.content.Context,java.lang.String) -> e
    void f(android.content.Context,java.lang.String) -> f
net.owan.android.c.j.h -> net.owan.android.c.j.h:
    boolean a(android.content.Context,java.lang.String) -> a
    boolean a(android.content.Context) -> a
    boolean b(android.content.Context) -> b
    boolean c(android.content.Context) -> c
    boolean d(android.content.Context) -> d
    boolean e(android.content.Context) -> e
    boolean f(android.content.Context) -> f
    boolean g(android.content.Context) -> g
    boolean h(android.content.Context) -> h
net.owan.android.c.j.i -> net.owan.android.c.j.i:
    boolean a(android.content.Context) -> a
net.owan.android.c.j.j -> net.owan.android.c.j.j:
    boolean a() -> a
    boolean a(android.content.Context) -> a
    boolean a(android.content.Context,long) -> a
    long b() -> b
    java.lang.String c() -> c
    long b(android.content.Context) -> b
net.owan.android.c.k.a -> net.owan.android.c.k.a:
    java.util.List a -> a
    java.util.List b() -> b
    void a(java.lang.Object) -> a
net.owan.android.c.l.a -> net.owan.android.c.l.a:
    android.view.WindowManager a -> a
    android.view.WindowManager$LayoutParams b -> b
    android.widget.LinearLayout c -> c
    android.view.View d -> d
    boolean a() -> a
    boolean b() -> b
    void a(android.view.animation.Animation) -> a
    void onAnimationEnd(android.view.animation.Animation) -> onAnimationEnd
    void onAnimationRepeat(android.view.animation.Animation) -> onAnimationRepeat
    void onAnimationStart(android.view.animation.Animation) -> onAnimationStart